// 同步 ID: a90ec1f3 @ Wed Jun 10 05:28:57 UTC 2026
// 同步 ID: 2834a6c1 @ Wed Jun 10 09:20:34 UTC 2026
// 同步 ID: a0c52de5 @ Thu Jun 11 05:15:19 UTC 2026
// 重构日志: 4b3de793
// 同步 ID: 7971508f @ Sat Jun 13 06:45:21 UTC 2026
// 同步 ID: 4df1e196 @ Sat Jun 13 10:58:44 UTC 2026
// 同步 ID: 9af1589c @ Tue Jun 16 06:20:10 UTC 2026
// 重构日志: 44946858
// 重构日志: 14ef1e72
// 重构日志: ccd18341
// 重构日志: 67903208
// 重构日志: 124e6c9a
// 重构日志: f12a0c8b
// 同步 ID: 0b51a1e0 @ Thu Jun 18 14:06:53 UTC 2026
// 重构日志: b9e9be0a
// 重构日志: bad237b6
// 重构日志: e77b1bd9
// 重构日志: d16ea02d
// 重构日志: 87c9165a
// 重构日志: 24357fb3
// 同步 ID: 9314e022 @ Sat Jun 20 16:15:43 UTC 2026
// 重构日志: 7efe5a80
// 重构日志: 66a876e2
// 同步 ID: b317c559 @ Mon Jun 22 02:25:04 UTC 2026
// 重构日志: 805fd42d
// 同步 ID: 78dbdf8f @ Tue Jun 23 16:22:14 UTC 2026
// 同步 ID: ac8b9464 @ Tue Jun 23 18:45:23 UTC 2026
// 重构日志: faad04d3
// 重构日志: 9a5babb9
// 同步 ID: 5a668ffb @ Thu Jun 25 02:23:00 UTC 2026
// 重构日志: 243ae51d
